2020-03-23 12:42:41,070 +0530 [main] INFO  (BaseClass.java:48) - ./Drivers\geckodriver.exe
2020-03-23 12:42:47,243 +0530 [main] INFO  (BaseClass.java:61) -    chrome :Driver Load Successfully
2020-03-23 12:44:52,619 +0530 [main] INFO  (BaseClass.java:48) - ./Drivers\geckodriver.exe
2020-03-23 12:44:58,949 +0530 [main] INFO  (BaseClass.java:61) -    chrome :Driver Load Successfully
2020-03-23 12:45:24,562 +0530 [main] INFO  (BaseClass.java:68) -    URL is opened successfully :http://demo.guru99.com/v4/index.php
2020-03-23 12:45:26,578 +0530 [main] INFO  (NewCustomerTCs.java:85) - Total Row in Datasheet :2
2020-03-23 12:45:26,578 +0530 [main] INFO  (NewCustomerTCs.java:86) - Total Col in Datasheet :12
2020-03-23 12:45:26,579 +0530 [main] INFO  (NewCustomerTCs.java:93) - parameter list: 0 ) mngr2509141 ) rUzYdap2 ) RAJAN3 ) M4 ) 040719715 ) A4 PRIMECITY6 ) BANGALORE7 ) KARNATAKA8 ) 5601009 ) 12345678910 ) RAJ111@GMAIL.COM11 ) RAJ
2020-03-23 12:45:26,579 +0530 [main] INFO  (NewCustomerTCs.java:93) - parameter list: 0 ) mngr2509141 ) rUzYdap2 ) BAJAN3 ) F4 ) 040819725 ) A4 PRIMECITY6 ) BANGALORE7 ) KARNATAKA8 ) 5601009 ) 21345678910 ) TAJ3@GMAIL.COM11 ) RAJ
2020-03-23 12:45:26,606 +0530 [main] INFO  (NewCustomerTCs.java:18) - TEST CASE START :http://demo.guru99.com/v4/index.php
2020-03-23 12:45:26,639 +0530 [main] INFO  (NewCustomerTCs.java:21) - Enter User Id :LoginUID
2020-03-23 12:45:26,793 +0530 [main] INFO  (NewCustomerTCs.java:23) - Enter Password :LoginPWD
2020-03-23 12:45:26,881 +0530 [main] INFO  (NewCustomerTCs.java:25) - Click Submit button 
2020-03-23 12:46:13,130 +0530 [main] INFO  (NewCustomerTCs.java:31) - clicked on New Customer Link
2020-03-23 12:46:14,408 +0530 [main] INFO  (NewCustomerTCs.java:18) - TEST CASE START :http://demo.guru99.com/v4/manager/Managerhomepage.php
2020-03-23 12:46:14,408 +0530 [main] INFO  (NewCustomerTCs.java:21) - Enter User Id :LoginUID
2020-03-23 12:46:24,450 +0530 [main] INFO  (NewCustomerTCs.java:23) - Enter Password :LoginPWD
2020-03-23 12:46:34,478 +0530 [main] INFO  (NewCustomerTCs.java:25) - Click Submit button 
2020-03-23 12:46:47,538 +0530 [main] INFO  (NewCustomerTCs.java:31) - clicked on New Customer Link
2020-03-23 12:46:49,430 +0530 [main] INFO  (BaseClass.java:90) -    Quit : Driver Loaded Successfully
2020-03-23 12:47:36,328 +0530 [main] INFO  (BaseClass.java:48) - ./Drivers\geckodriver.exe
2020-03-23 12:47:42,498 +0530 [main] INFO  (BaseClass.java:61) -    chrome :Driver Load Successfully
2020-03-23 12:48:21,949 +0530 [main] INFO  (BaseClass.java:68) -    URL is opened successfully :http://demo.guru99.com/v4/index.php
2020-03-23 12:48:24,660 +0530 [main] INFO  (NewCustomerTCs.java:85) - Total Row in Datasheet :2
2020-03-23 12:48:24,661 +0530 [main] INFO  (NewCustomerTCs.java:86) - Total Col in Datasheet :12
2020-03-23 12:48:24,661 +0530 [main] INFO  (NewCustomerTCs.java:93) - parameter list: 0 ) mngr2509141 ) rUzYdap2 ) RAJAN3 ) M4 ) 040719715 ) A4 PRIMECITY6 ) BANGALORE7 ) KARNATAKA8 ) 5601009 ) 12345678910 ) RAJ111@GMAIL.COM11 ) RAJ
2020-03-23 12:48:24,662 +0530 [main] INFO  (NewCustomerTCs.java:93) - parameter list: 0 ) mngr2509141 ) rUzYdap2 ) BAJAN3 ) F4 ) 040819725 ) A4 PRIMECITY6 ) BANGALORE7 ) KARNATAKA8 ) 5601009 ) 21345678910 ) TAJ3@GMAIL.COM11 ) RAJ
2020-03-23 12:48:24,697 +0530 [main] INFO  (NewCustomerTCs.java:18) - TEST CASE START :http://demo.guru99.com/v4/index.php
2020-03-23 12:48:24,731 +0530 [main] INFO  (NewCustomerTCs.java:21) - Enter User Id :LoginUID
2020-03-23 12:48:24,934 +0530 [main] INFO  (NewCustomerTCs.java:23) - Enter Password :LoginPWD
2020-03-23 12:48:25,048 +0530 [main] INFO  (NewCustomerTCs.java:25) - Click Submit button 
2020-03-23 12:48:51,852 +0530 [main] INFO  (NewCustomerTCs.java:31) - clicked on New Customer Link
2020-03-23 12:48:53,184 +0530 [main] INFO  (NewCustomerTCs.java:18) - TEST CASE START :http://demo.guru99.com/v4/manager/Managerhomepage.php
2020-03-23 12:48:53,185 +0530 [main] INFO  (NewCustomerTCs.java:21) - Enter User Id :LoginUID
2020-03-23 12:49:03,221 +0530 [main] INFO  (NewCustomerTCs.java:23) - Enter Password :LoginPWD
2020-03-23 12:49:13,293 +0530 [main] INFO  (NewCustomerTCs.java:25) - Click Submit button 
2020-03-23 12:49:26,380 +0530 [main] INFO  (NewCustomerTCs.java:31) - clicked on New Customer Link
2020-03-23 12:49:28,389 +0530 [main] INFO  (BaseClass.java:90) -    Quit : Driver Loaded Successfully
2020-03-23 15:07:29,433 +0530 [main] INFO  (BaseClass.java:48) - ./Drivers\geckodriver.exe
2020-03-23 15:07:35,628 +0530 [main] INFO  (BaseClass.java:61) -    chrome :Driver Load Successfully
2020-03-23 15:07:46,899 +0530 [main] INFO  (BaseClass.java:68) -    URL is opened successfully :http://demo.guru99.com/v4/index.php
2020-03-23 15:07:48,751 +0530 [main] INFO  (NewCustomerTCs.java:85) - Total Row in Datasheet :2
2020-03-23 15:07:48,751 +0530 [main] INFO  (NewCustomerTCs.java:86) - Total Col in Datasheet :12
2020-03-23 15:07:48,752 +0530 [main] INFO  (NewCustomerTCs.java:93) - parameter list: 0 ) mngr2509141 ) rUzYdap2 ) RAJAN3 ) M4 ) 040719715 ) A4 PRIMECITY6 ) BANGALORE7 ) KARNATAKA8 ) 5601009 ) 12345678910 ) RAJ111@GMAIL.COM11 ) RAJ
2020-03-23 15:07:48,752 +0530 [main] INFO  (NewCustomerTCs.java:93) - parameter list: 0 ) mngr2509141 ) rUzYdap2 ) BAJAN3 ) F4 ) 040819725 ) A4 PRIMECITY6 ) BANGALORE7 ) KARNATAKA8 ) 5601009 ) 21345678910 ) TAJ3@GMAIL.COM11 ) RAJ
2020-03-23 15:07:48,780 +0530 [main] INFO  (NewCustomerTCs.java:18) - TEST CASE START :http://demo.guru99.com/v4/index.php
2020-03-23 15:07:48,810 +0530 [main] INFO  (NewCustomerTCs.java:21) - Enter User Id :LoginUID
2020-03-23 15:07:49,008 +0530 [main] INFO  (NewCustomerTCs.java:23) - Enter Password :LoginPWD
2020-03-23 15:07:49,106 +0530 [main] INFO  (NewCustomerTCs.java:25) - Click Submit button 
2020-03-23 15:07:55,179 +0530 [main] INFO  (NewCustomerTCs.java:31) - clicked on New Customer Link
2020-03-23 15:07:59,979 +0530 [main] INFO  (NewCustomerTCs.java:35) - Enter Customer Name : RAJAN
2020-03-23 15:08:00,208 +0530 [main] INFO  (NewCustomerTCs.java:37) - click gender :M
2020-03-23 15:08:01,273 +0530 [main] INFO  (NewCustomerTCs.java:41) - Enter Data of Birth :04071971
2020-03-23 15:08:01,441 +0530 [main] INFO  (NewCustomerTCs.java:43) - Enter Address :A4 PRIMECITY
2020-03-23 15:08:01,618 +0530 [main] INFO  (NewCustomerTCs.java:45) - Entred City Name :BANGALORE
2020-03-23 15:08:01,808 +0530 [main] INFO  (NewCustomerTCs.java:47) - Entred State Name :KARNATAKA
2020-03-23 15:08:01,933 +0530 [main] INFO  (NewCustomerTCs.java:49) - Entred Pin Code: 560100
2020-03-23 15:08:04,026 +0530 [main] INFO  (NewCustomerTCs.java:52) - Entred Telephone No.123456789
2020-03-23 15:08:04,138 +0530 [main] INFO  (NewCustomerTCs.java:54) - EmailId :RAJ111@GMAIL.COM
2020-03-23 15:08:04,334 +0530 [main] INFO  (NewCustomerTCs.java:56) - Entred Customer Password:RAJ
2020-03-23 15:08:04,422 +0530 [main] INFO  (NewCustomerTCs.java:58) - Click submit button:RAJ
2020-03-23 15:08:07,218 +0530 [main] INFO  (NewCustomerTCs.java:61) - Validataion Start  ...................
2020-03-23 15:08:07,344 +0530 [main] INFO  (NewCustomerTCs.java:18) - TEST CASE START :http://demo.guru99.com/v4/manager/addcustomerpage.php
2020-03-23 15:08:07,345 +0530 [main] INFO  (NewCustomerTCs.java:21) - Enter User Id :LoginUID
2020-03-23 15:08:17,431 +0530 [main] INFO  (NewCustomerTCs.java:23) - Enter Password :LoginPWD
2020-03-23 15:08:17,591 +0530 [main] INFO  (NewCustomerTCs.java:25) - Click Submit button 
2020-03-23 15:08:30,615 +0530 [main] INFO  (NewCustomerTCs.java:31) - clicked on New Customer Link
2020-03-23 15:08:34,834 +0530 [main] INFO  (NewCustomerTCs.java:35) - Enter Customer Name : BAJAN
2020-03-23 15:08:34,982 +0530 [main] INFO  (NewCustomerTCs.java:37) - click gender :F
2020-03-23 15:08:36,063 +0530 [main] INFO  (NewCustomerTCs.java:41) - Enter Data of Birth :04081972
2020-03-23 15:08:36,240 +0530 [main] INFO  (NewCustomerTCs.java:43) - Enter Address :A4 PRIMECITY
2020-03-23 15:08:36,364 +0530 [main] INFO  (NewCustomerTCs.java:45) - Entred City Name :BANGALORE
2020-03-23 15:08:36,478 +0530 [main] INFO  (NewCustomerTCs.java:47) - Entred State Name :KARNATAKA
2020-03-23 15:08:36,580 +0530 [main] INFO  (NewCustomerTCs.java:49) - Entred Pin Code: 560100
2020-03-23 15:08:38,665 +0530 [main] INFO  (NewCustomerTCs.java:52) - Entred Telephone No.213456789
2020-03-23 15:08:38,803 +0530 [main] INFO  (NewCustomerTCs.java:54) - EmailId :TAJ3@GMAIL.COM
2020-03-23 15:08:39,030 +0530 [main] INFO  (NewCustomerTCs.java:56) - Entred Customer Password:RAJ
2020-03-23 15:08:39,108 +0530 [main] INFO  (NewCustomerTCs.java:58) - Click submit button:RAJ
2020-03-23 15:08:44,403 +0530 [main] INFO  (NewCustomerTCs.java:61) - Validataion Start  ...................
2020-03-23 15:08:44,415 +0530 [main] INFO  (NewCustomerTCs.java:64) - Test Case Passed.......
2020-03-23 15:08:50,883 +0530 [main] INFO  (BaseClass.java:90) -    Quit : Driver Loaded Successfully
2020-04-05 03:09:06,563 +0530 [main] INFO  (BaseClass.java:48) - ./Drivers\geckodriver.exe
2020-04-05 03:09:13,589 +0530 [main] INFO  (BaseClass.java:61) -    chrome :Driver Load Successfully
2020-04-05 03:09:26,518 +0530 [main] INFO  (BaseClass.java:68) -    URL is opened successfully :http://demo.guru99.com/v4/index.php
2020-04-05 03:09:29,776 +0530 [main] INFO  (NewCustomerTCs.java:86) - Total Row in Datasheet :2
2020-04-05 03:09:29,776 +0530 [main] INFO  (NewCustomerTCs.java:87) - Total Col in Datasheet :12
2020-04-05 03:09:29,776 +0530 [main] INFO  (NewCustomerTCs.java:94) - parameter list: 0 ) mngr2509141 ) rUzYdap2 ) RAJAN3 ) M4 ) 040719715 ) A4 PRIMECITY6 ) BANGALORE7 ) KARNATAKA8 ) 5601009 ) 12345678910 ) RAJ111@GMAIL.COM11 ) RAJ
2020-04-05 03:09:29,777 +0530 [main] INFO  (NewCustomerTCs.java:94) - parameter list: 0 ) mngr2509141 ) rUzYdap2 ) BAJAN3 ) F4 ) 040819725 ) A4 PRIMECITY6 ) BANGALORE7 ) KARNATAKA8 ) 5601009 ) 21345678910 ) TAJ3@GMAIL.COM11 ) RAJ
2020-04-05 03:09:29,828 +0530 [main] INFO  (NewCustomerTCs.java:18) - TEST CASE START :http://demo.guru99.com/v4/index.php
2020-04-05 03:09:29,871 +0530 [main] INFO  (NewCustomerTCs.java:21) - Enter User Id :LoginUID
2020-04-05 03:09:30,122 +0530 [main] INFO  (NewCustomerTCs.java:23) - Enter Password :LoginPWD
2020-04-05 03:09:30,272 +0530 [main] INFO  (NewCustomerTCs.java:25) - Click Submit button 
2020-04-05 03:09:35,709 +0530 [main] INFO  (NewCustomerTCs.java:31) - clicked on New Customer Link
2020-04-05 03:09:45,510 +0530 [main] INFO  (NewCustomerTCs.java:35) - Enter Customer Name : RAJAN
2020-04-05 03:09:45,831 +0530 [main] INFO  (NewCustomerTCs.java:37) - click gender :M
2020-04-05 03:09:46,908 +0530 [main] INFO  (NewCustomerTCs.java:41) - Enter Data of Birth :04071971
2020-04-05 03:09:47,186 +0530 [main] INFO  (NewCustomerTCs.java:43) - Enter Address :A4 PRIMECITY
2020-04-05 03:09:47,340 +0530 [main] INFO  (NewCustomerTCs.java:45) - Entred City Name :BANGALORE
2020-04-05 03:09:47,501 +0530 [main] INFO  (NewCustomerTCs.java:47) - Entred State Name :KARNATAKA
2020-04-05 03:09:47,642 +0530 [main] INFO  (NewCustomerTCs.java:49) - Entred Pin Code: 560100
2020-04-05 03:09:49,780 +0530 [main] INFO  (NewCustomerTCs.java:52) - Entred Telephone No.123456789
2020-04-05 03:09:49,993 +0530 [main] INFO  (NewCustomerTCs.java:54) - EmailId :RAJ111@GMAIL.COM
2020-04-05 03:09:50,304 +0530 [main] INFO  (NewCustomerTCs.java:57) - Entred Customer Password:RAJ
2020-04-05 03:09:50,512 +0530 [main] INFO  (NewCustomerTCs.java:59) - Click submit button:RAJ
2020-04-05 03:09:56,092 +0530 [main] INFO  (NewCustomerTCs.java:62) - Validataion Start  ...................
2020-04-05 03:09:56,125 +0530 [main] INFO  (NewCustomerTCs.java:65) - Test Case Passed.......
2020-04-05 03:10:02,784 +0530 [main] INFO  (NewCustomerTCs.java:18) - TEST CASE START :http://demo.guru99.com/v4/index.php
2020-04-05 03:10:02,785 +0530 [main] INFO  (NewCustomerTCs.java:21) - Enter User Id :LoginUID
2020-04-05 03:10:03,036 +0530 [main] INFO  (NewCustomerTCs.java:23) - Enter Password :LoginPWD
2020-04-05 03:10:03,132 +0530 [main] INFO  (NewCustomerTCs.java:25) - Click Submit button 
2020-04-05 03:10:08,467 +0530 [main] INFO  (NewCustomerTCs.java:31) - clicked on New Customer Link
2020-04-05 03:10:12,981 +0530 [main] INFO  (NewCustomerTCs.java:35) - Enter Customer Name : BAJAN
2020-04-05 03:10:13,240 +0530 [main] INFO  (NewCustomerTCs.java:37) - click gender :F
2020-04-05 03:10:14,329 +0530 [main] INFO  (NewCustomerTCs.java:41) - Enter Data of Birth :04081972
2020-04-05 03:10:14,578 +0530 [main] INFO  (NewCustomerTCs.java:43) - Enter Address :A4 PRIMECITY
2020-04-05 03:10:14,759 +0530 [main] INFO  (NewCustomerTCs.java:45) - Entred City Name :BANGALORE
2020-04-05 03:10:14,903 +0530 [main] INFO  (NewCustomerTCs.java:47) - Entred State Name :KARNATAKA
2020-04-05 03:10:15,039 +0530 [main] INFO  (NewCustomerTCs.java:49) - Entred Pin Code: 560100
2020-04-05 03:10:17,145 +0530 [main] INFO  (NewCustomerTCs.java:52) - Entred Telephone No.213456789
2020-04-05 03:10:17,352 +0530 [main] INFO  (NewCustomerTCs.java:54) - EmailId :TAJ3@GMAIL.COM
2020-04-05 03:10:17,552 +0530 [main] INFO  (NewCustomerTCs.java:57) - Entred Customer Password:RAJ
2020-04-05 03:10:17,649 +0530 [main] INFO  (NewCustomerTCs.java:59) - Click submit button:RAJ
2020-04-05 03:10:22,344 +0530 [main] INFO  (NewCustomerTCs.java:62) - Validataion Start  ...................
2020-04-05 03:10:23,353 +0530 [main] INFO  (BaseClass.java:90) -    Quit : Driver Loaded Successfully
2020-04-05 03:40:29,158 +0530 [main] INFO  (BaseClass.java:48) - ./Drivers\geckodriver.exe
2020-04-05 03:40:36,367 +0530 [main] INFO  (BaseClass.java:61) -    chrome :Driver Load Successfully
2020-04-05 03:40:49,898 +0530 [main] INFO  (BaseClass.java:68) -    URL is opened successfully :http://demo.guru99.com/v4/index.php
2020-04-05 03:40:52,482 +0530 [main] INFO  (NewCustomerTCs.java:86) - Total Row in Datasheet :2
2020-04-05 03:40:52,483 +0530 [main] INFO  (NewCustomerTCs.java:87) - Total Col in Datasheet :12
2020-04-05 03:40:52,484 +0530 [main] INFO  (NewCustomerTCs.java:94) - parameter list: 0 ) mngr2509141 ) rUzYdap2 ) RAJAN3 ) M4 ) 040719715 ) A4 PRIMECITY6 ) BANGALORE7 ) KARNATAKA8 ) 5601009 ) 12345678910 ) RAJ111@GMAIL.COM11 ) RAJ
2020-04-05 03:40:52,485 +0530 [main] INFO  (NewCustomerTCs.java:94) - parameter list: 0 ) mngr2509141 ) rUzYdap2 ) BAJAN3 ) F4 ) 040819725 ) A4 PRIMECITY6 ) BANGALORE7 ) KARNATAKA8 ) 5601009 ) 21345678910 ) TAJ3@GMAIL.COM11 ) RAJ
2020-04-05 03:40:52,503 +0530 [main] INFO  (NewCustomerTCs.java:18) - TEST CASE START :http://demo.guru99.com/v4/index.php
2020-04-05 03:40:52,570 +0530 [main] INFO  (NewCustomerTCs.java:21) - Enter User Id :LoginUID
2020-04-05 03:40:52,779 +0530 [main] INFO  (NewCustomerTCs.java:23) - Enter Password :LoginPWD
2020-04-05 03:40:52,880 +0530 [main] INFO  (NewCustomerTCs.java:25) - Click Submit button 
2020-04-05 03:41:00,156 +0530 [main] INFO  (NewCustomerTCs.java:31) - clicked on New Customer Link
2020-04-05 03:41:06,098 +0530 [main] INFO  (NewCustomerTCs.java:35) - Enter Customer Name : RAJAN
2020-04-05 03:41:06,219 +0530 [main] INFO  (NewCustomerTCs.java:37) - click gender :M
2020-04-05 03:41:07,286 +0530 [main] INFO  (NewCustomerTCs.java:41) - Enter Data of Birth :04071971
2020-04-05 03:41:07,558 +0530 [main] INFO  (NewCustomerTCs.java:43) - Enter Address :A4 PRIMECITY
2020-04-05 03:41:07,710 +0530 [main] INFO  (NewCustomerTCs.java:45) - Entred City Name :BANGALORE
2020-04-05 03:41:07,849 +0530 [main] INFO  (NewCustomerTCs.java:47) - Entred State Name :KARNATAKA
2020-04-05 03:41:07,970 +0530 [main] INFO  (NewCustomerTCs.java:49) - Entred Pin Code: 560100
2020-04-05 03:41:10,068 +0530 [main] INFO  (NewCustomerTCs.java:52) - Entred Telephone No.123456789
2020-04-05 03:41:10,247 +0530 [main] INFO  (NewCustomerTCs.java:54) - EmailId :RAJ111@GMAIL.COM
2020-04-05 03:41:10,476 +0530 [main] INFO  (NewCustomerTCs.java:57) - Entred Customer Password:RAJ
2020-04-05 03:41:10,565 +0530 [main] INFO  (NewCustomerTCs.java:59) - Click submit button:RAJ
2020-04-05 03:41:14,524 +0530 [main] INFO  (NewCustomerTCs.java:62) - Validataion Start  ...................
2020-04-05 03:41:16,156 +0530 [main] INFO  (NewCustomerTCs.java:18) - TEST CASE START :http://demo.guru99.com/v4/manager/addcustomerpage.php
2020-04-05 03:41:16,158 +0530 [main] INFO  (NewCustomerTCs.java:21) - Enter User Id :LoginUID
2020-04-05 03:41:26,236 +0530 [main] INFO  (NewCustomerTCs.java:23) - Enter Password :LoginPWD
2020-04-05 03:41:26,438 +0530 [main] INFO  (NewCustomerTCs.java:25) - Click Submit button 
2020-04-05 03:41:39,458 +0530 [main] INFO  (NewCustomerTCs.java:31) - clicked on New Customer Link
2020-04-05 03:41:43,190 +0530 [main] INFO  (NewCustomerTCs.java:35) - Enter Customer Name : BAJAN
2020-04-05 03:41:43,321 +0530 [main] INFO  (NewCustomerTCs.java:37) - click gender :F
2020-04-05 03:41:44,387 +0530 [main] INFO  (NewCustomerTCs.java:41) - Enter Data of Birth :04081972
2020-04-05 03:41:44,625 +0530 [main] INFO  (NewCustomerTCs.java:43) - Enter Address :A4 PRIMECITY
2020-04-05 03:41:44,752 +0530 [main] INFO  (NewCustomerTCs.java:45) - Entred City Name :BANGALORE
2020-04-05 03:41:44,863 +0530 [main] INFO  (NewCustomerTCs.java:47) - Entred State Name :KARNATAKA
2020-04-05 03:41:44,974 +0530 [main] INFO  (NewCustomerTCs.java:49) - Entred Pin Code: 560100
2020-04-05 03:41:47,087 +0530 [main] INFO  (NewCustomerTCs.java:52) - Entred Telephone No.213456789
2020-04-05 03:41:47,272 +0530 [main] INFO  (NewCustomerTCs.java:54) - EmailId :TAJ3@GMAIL.COM
2020-04-05 03:41:47,463 +0530 [main] INFO  (NewCustomerTCs.java:57) - Entred Customer Password:RAJ
2020-04-05 03:41:47,532 +0530 [main] INFO  (NewCustomerTCs.java:59) - Click submit button:RAJ
2020-04-05 03:41:51,837 +0530 [main] INFO  (NewCustomerTCs.java:62) - Validataion Start  ...................
2020-04-05 03:41:52,710 +0530 [main] INFO  (BaseClass.java:90) -    Quit : Driver Loaded Successfully
2020-04-05 03:51:05,784 +0530 [main] INFO  (BaseClass.java:48) - ./Drivers\geckodriver.exe
2020-04-05 03:51:12,318 +0530 [main] INFO  (BaseClass.java:61) -    chrome :Driver Load Successfully
2020-04-05 03:51:25,719 +0530 [main] INFO  (BaseClass.java:68) -    URL is opened successfully :http://demo.guru99.com/v4/index.php
2020-04-05 03:51:28,229 +0530 [main] INFO  (NewCustomerTCs.java:87) - Total Row in Datasheet :2
2020-04-05 03:51:28,230 +0530 [main] INFO  (NewCustomerTCs.java:88) - Total Col in Datasheet :12
2020-04-05 03:51:28,231 +0530 [main] INFO  (NewCustomerTCs.java:95) - parameter list: 0 ) mngr2509141 ) rUzYdap2 ) RAJAN3 ) M4 ) 040719715 ) A4 PRIMECITY6 ) BANGALORE7 ) KARNATAKA8 ) 5601009 ) 12345678910 ) RAJ111@GMAIL.COM11 ) RAJ
2020-04-05 03:51:28,233 +0530 [main] INFO  (NewCustomerTCs.java:95) - parameter list: 0 ) mngr2509141 ) rUzYdap2 ) BAJAN3 ) F4 ) 040819725 ) A4 PRIMECITY6 ) BANGALORE7 ) KARNATAKA8 ) 5601009 ) 21345678910 ) TAJ3@GMAIL.COM11 ) RAJ
2020-04-05 03:51:28,257 +0530 [main] INFO  (NewCustomerTCs.java:19) - TEST CASE START :http://demo.guru99.com/v4/index.php
2020-04-05 03:51:28,310 +0530 [main] INFO  (NewCustomerTCs.java:22) - Enter User Id :LoginUID
2020-04-05 03:51:28,594 +0530 [main] INFO  (NewCustomerTCs.java:24) - Enter Password :LoginPWD
2020-04-05 03:51:28,691 +0530 [main] INFO  (NewCustomerTCs.java:26) - Click Submit button 
2020-04-05 03:51:35,537 +0530 [main] INFO  (NewCustomerTCs.java:32) - clicked on New Customer Link
2020-04-05 03:51:42,194 +0530 [main] INFO  (NewCustomerTCs.java:36) - Enter Customer Name : RAJAN
2020-04-05 03:51:42,451 +0530 [main] INFO  (NewCustomerTCs.java:38) - click gender :M
2020-04-05 03:51:43,528 +0530 [main] INFO  (NewCustomerTCs.java:42) - Enter Data of Birth :04071971
2020-04-05 03:51:43,782 +0530 [main] INFO  (NewCustomerTCs.java:44) - Enter Address :A4 PRIMECITY
2020-04-05 03:51:43,938 +0530 [main] INFO  (NewCustomerTCs.java:46) - Entred City Name :BANGALORE
2020-04-05 03:51:44,087 +0530 [main] INFO  (NewCustomerTCs.java:48) - Entred State Name :KARNATAKA
2020-04-05 03:51:44,198 +0530 [main] INFO  (NewCustomerTCs.java:50) - Entred Pin Code: 560100
2020-04-05 03:51:46,284 +0530 [main] INFO  (NewCustomerTCs.java:53) - Entred Telephone No.123456789
2020-04-05 03:51:46,560 +0530 [main] INFO  (NewCustomerTCs.java:55) - EmailId :RAJ111@GMAIL.COM
2020-04-05 03:51:46,749 +0530 [main] INFO  (NewCustomerTCs.java:58) - Entred Customer Password:RAJ
2020-04-05 03:51:46,839 +0530 [main] INFO  (NewCustomerTCs.java:60) - Click submit button:RAJ
2020-04-05 03:51:49,919 +0530 [main] INFO  (NewCustomerTCs.java:63) - Validataion Start  ...................
2020-04-05 03:51:50,073 +0530 [main] INFO  (NewCustomerTCs.java:19) - TEST CASE START :http://demo.guru99.com/v4/manager/addcustomerpage.php
2020-04-05 03:51:50,074 +0530 [main] INFO  (NewCustomerTCs.java:22) - Enter User Id :LoginUID
2020-04-05 03:52:00,144 +0530 [main] INFO  (NewCustomerTCs.java:24) - Enter Password :LoginPWD
2020-04-05 03:52:00,245 +0530 [main] INFO  (NewCustomerTCs.java:26) - Click Submit button 
2020-04-05 03:52:13,320 +0530 [main] INFO  (NewCustomerTCs.java:32) - clicked on New Customer Link
2020-04-05 03:52:18,165 +0530 [main] INFO  (NewCustomerTCs.java:36) - Enter Customer Name : BAJAN
2020-04-05 03:52:18,492 +0530 [main] INFO  (NewCustomerTCs.java:38) - click gender :F
2020-04-05 03:52:19,551 +0530 [main] INFO  (NewCustomerTCs.java:42) - Enter Data of Birth :04081972
2020-04-05 03:52:19,886 +0530 [main] INFO  (NewCustomerTCs.java:44) - Enter Address :A4 PRIMECITY
2020-04-05 03:52:20,018 +0530 [main] INFO  (NewCustomerTCs.java:46) - Entred City Name :BANGALORE
2020-04-05 03:52:20,146 +0530 [main] INFO  (NewCustomerTCs.java:48) - Entred State Name :KARNATAKA
2020-04-05 03:52:20,283 +0530 [main] INFO  (NewCustomerTCs.java:50) - Entred Pin Code: 560100
2020-04-05 03:52:22,387 +0530 [main] INFO  (NewCustomerTCs.java:53) - Entred Telephone No.213456789
2020-04-05 03:52:22,601 +0530 [main] INFO  (NewCustomerTCs.java:55) - EmailId :TAJ3@GMAIL.COM
2020-04-05 03:52:22,925 +0530 [main] INFO  (NewCustomerTCs.java:58) - Entred Customer Password:RAJ
2020-04-05 03:52:22,999 +0530 [main] INFO  (NewCustomerTCs.java:60) - Click submit button:RAJ
2020-04-05 03:52:26,080 +0530 [main] INFO  (NewCustomerTCs.java:63) - Validataion Start  ...................
2020-04-05 03:52:26,920 +0530 [main] INFO  (BaseClass.java:90) -    Quit : Driver Loaded Successfully
2020-04-05 03:54:08,108 +0530 [main] INFO  (BaseClass.java:48) - ./Drivers\geckodriver.exe
2020-04-05 03:54:14,777 +0530 [main] INFO  (BaseClass.java:61) -    chrome :Driver Load Successfully
2020-04-05 03:54:56,842 +0530 [main] INFO  (BaseClass.java:68) -    URL is opened successfully :http://demo.guru99.com/v4/index.php
2020-04-05 03:54:59,443 +0530 [main] INFO  (NewCustomerTCs.java:87) - Total Row in Datasheet :2
2020-04-05 03:54:59,444 +0530 [main] INFO  (NewCustomerTCs.java:88) - Total Col in Datasheet :12
2020-04-05 03:54:59,444 +0530 [main] INFO  (NewCustomerTCs.java:95) - parameter list: 0 ) mngr2509141 ) rUzYdap2 ) RAJAN3 ) M4 ) 040719715 ) A4 PRIMECITY6 ) BANGALORE7 ) KARNATAKA8 ) 5601009 ) 12345678910 ) RAJ111@GMAIL.COM11 ) RAJ
2020-04-05 03:54:59,446 +0530 [main] INFO  (NewCustomerTCs.java:95) - parameter list: 0 ) mngr2509141 ) rUzYdap2 ) BAJAN3 ) F4 ) 040819725 ) A4 PRIMECITY6 ) BANGALORE7 ) KARNATAKA8 ) 5601009 ) 21345678910 ) TAJ3@GMAIL.COM11 ) RAJ
2020-04-05 03:54:59,467 +0530 [main] INFO  (NewCustomerTCs.java:19) - TEST CASE START :http://demo.guru99.com/v4/index.php
2020-04-05 03:54:59,512 +0530 [main] INFO  (NewCustomerTCs.java:22) - Enter User Id :LoginUID
2020-04-05 03:54:59,676 +0530 [main] INFO  (NewCustomerTCs.java:24) - Enter Password :LoginPWD
2020-04-05 03:54:59,771 +0530 [main] INFO  (NewCustomerTCs.java:26) - Click Submit button 
2020-04-05 03:55:06,608 +0530 [main] INFO  (NewCustomerTCs.java:32) - clicked on New Customer Link
2020-04-05 03:55:10,946 +0530 [main] INFO  (NewCustomerTCs.java:36) - Enter Customer Name : RAJAN
2020-04-05 03:55:11,143 +0530 [main] INFO  (NewCustomerTCs.java:38) - click gender :M
2020-04-05 03:55:12,210 +0530 [main] INFO  (NewCustomerTCs.java:42) - Enter Data of Birth :04071971
2020-04-05 03:55:12,518 +0530 [main] INFO  (NewCustomerTCs.java:44) - Enter Address :A4 PRIMECITY
2020-04-05 03:55:12,703 +0530 [main] INFO  (NewCustomerTCs.java:46) - Entred City Name :BANGALORE
2020-04-05 03:55:12,879 +0530 [main] INFO  (NewCustomerTCs.java:48) - Entred State Name :KARNATAKA
2020-04-05 03:55:12,991 +0530 [main] INFO  (NewCustomerTCs.java:50) - Entred Pin Code: 560100
2020-04-05 03:55:15,087 +0530 [main] INFO  (NewCustomerTCs.java:53) - Entred Telephone No.123456789
2020-04-05 03:55:15,213 +0530 [main] INFO  (NewCustomerTCs.java:55) - EmailId :RAJ111@GMAIL.COM
2020-04-05 03:55:15,444 +0530 [main] INFO  (NewCustomerTCs.java:58) - Entred Customer Password:RAJ
2020-04-05 03:55:15,556 +0530 [main] INFO  (NewCustomerTCs.java:60) - Click submit button:RAJ
2020-04-05 03:55:18,657 +0530 [main] INFO  (NewCustomerTCs.java:63) - Validataion Start  ...................
2020-04-05 03:55:18,805 +0530 [main] INFO  (NewCustomerTCs.java:19) - TEST CASE START :http://demo.guru99.com/v4/manager/addcustomerpage.php
2020-04-05 03:55:18,806 +0530 [main] INFO  (NewCustomerTCs.java:22) - Enter User Id :LoginUID
2020-04-05 03:55:28,856 +0530 [main] INFO  (NewCustomerTCs.java:24) - Enter Password :LoginPWD
2020-04-05 03:55:28,990 +0530 [main] INFO  (NewCustomerTCs.java:26) - Click Submit button 
2020-04-05 03:55:42,020 +0530 [main] INFO  (NewCustomerTCs.java:32) - clicked on New Customer Link
2020-04-05 03:55:46,302 +0530 [main] INFO  (NewCustomerTCs.java:36) - Enter Customer Name : BAJAN
2020-04-05 03:55:46,466 +0530 [main] INFO  (NewCustomerTCs.java:38) - click gender :F
2020-04-05 03:55:47,529 +0530 [main] INFO  (NewCustomerTCs.java:42) - Enter Data of Birth :04081972
2020-04-05 03:55:47,814 +0530 [main] INFO  (NewCustomerTCs.java:44) - Enter Address :A4 PRIMECITY
2020-04-05 03:55:47,973 +0530 [main] INFO  (NewCustomerTCs.java:46) - Entred City Name :BANGALORE
2020-04-05 03:55:48,089 +0530 [main] INFO  (NewCustomerTCs.java:48) - Entred State Name :KARNATAKA
2020-04-05 03:55:48,208 +0530 [main] INFO  (NewCustomerTCs.java:50) - Entred Pin Code: 560100
2020-04-05 03:55:50,310 +0530 [main] INFO  (NewCustomerTCs.java:53) - Entred Telephone No.213456789
2020-04-05 03:55:50,489 +0530 [main] INFO  (NewCustomerTCs.java:55) - EmailId :TAJ3@GMAIL.COM
2020-04-05 03:55:50,667 +0530 [main] INFO  (NewCustomerTCs.java:58) - Entred Customer Password:RAJ
2020-04-05 03:55:50,742 +0530 [main] INFO  (NewCustomerTCs.java:60) - Click submit button:RAJ
2020-04-05 03:55:53,813 +0530 [main] INFO  (NewCustomerTCs.java:63) - Validataion Start  ...................
2020-04-05 03:55:54,659 +0530 [main] INFO  (BaseClass.java:90) -    Quit : Driver Loaded Successfully
2020-04-05 04:06:38,587 +0530 [main] INFO  (BaseClass.java:48) - ./Drivers\geckodriver.exe
2020-04-05 04:06:45,009 +0530 [main] INFO  (BaseClass.java:61) -    chrome :Driver Load Successfully
2020-04-05 04:06:55,857 +0530 [main] INFO  (BaseClass.java:68) -    URL is opened successfully :http://demo.guru99.com/v4/index.php
2020-04-05 04:06:58,142 +0530 [main] INFO  (NewCustomerTCs.java:87) - Total Row in Datasheet :2
2020-04-05 04:06:58,144 +0530 [main] INFO  (NewCustomerTCs.java:88) - Total Col in Datasheet :12
2020-04-05 04:06:58,145 +0530 [main] INFO  (NewCustomerTCs.java:95) - parameter list: 0 ) mngr2509141 ) rUzYdap2 ) RAJAN3 ) M4 ) 040719715 ) A4 PRIMECITY6 ) BANGALORE7 ) KARNATAKA8 ) 5601009 ) 12345678910 ) RAJ111@GMAIL.COM11 ) RAJ
2020-04-05 04:06:58,145 +0530 [main] INFO  (NewCustomerTCs.java:95) - parameter list: 0 ) mngr2509141 ) rUzYdap2 ) BAJAN3 ) F4 ) 040819725 ) A4 PRIMECITY6 ) BANGALORE7 ) KARNATAKA8 ) 5601009 ) 21345678910 ) TAJ3@GMAIL.COM11 ) RAJ
2020-04-05 04:06:58,244 +0530 [main] INFO  (NewCustomerTCs.java:19) - TEST CASE START :http://demo.guru99.com/v4/index.php
2020-04-05 04:06:58,292 +0530 [main] INFO  (NewCustomerTCs.java:22) - Enter User Id :LoginUID
2020-04-05 04:06:58,452 +0530 [main] INFO  (NewCustomerTCs.java:24) - Enter Password :LoginPWD
2020-04-05 04:06:58,759 +0530 [main] INFO  (NewCustomerTCs.java:26) - Click Submit button 
2020-04-05 04:07:04,921 +0530 [main] INFO  (NewCustomerTCs.java:32) - clicked on New Customer Link
2020-04-05 04:07:10,700 +0530 [main] INFO  (NewCustomerTCs.java:36) - Enter Customer Name : RAJAN
2020-04-05 04:07:10,820 +0530 [main] INFO  (NewCustomerTCs.java:38) - click gender :M
2020-04-05 04:07:11,899 +0530 [main] INFO  (NewCustomerTCs.java:42) - Enter Data of Birth :04071971
2020-04-05 04:07:12,089 +0530 [main] INFO  (NewCustomerTCs.java:44) - Enter Address :A4 PRIMECITY
2020-04-05 04:07:12,225 +0530 [main] INFO  (NewCustomerTCs.java:46) - Entred City Name :BANGALORE
2020-04-05 04:07:12,353 +0530 [main] INFO  (NewCustomerTCs.java:48) - Entred State Name :KARNATAKA
2020-04-05 04:07:12,471 +0530 [main] INFO  (NewCustomerTCs.java:50) - Entred Pin Code: 560100
2020-04-05 04:07:14,568 +0530 [main] INFO  (NewCustomerTCs.java:53) - Entred Telephone No.123456789
2020-04-05 04:07:14,761 +0530 [main] INFO  (NewCustomerTCs.java:55) - EmailId :RAJ111@GMAIL.COM
2020-04-05 04:07:14,948 +0530 [main] INFO  (NewCustomerTCs.java:58) - Entred Customer Password:RAJ
2020-04-05 04:07:15,025 +0530 [main] INFO  (NewCustomerTCs.java:60) - Click submit button:RAJ
2020-04-05 04:07:18,118 +0530 [main] INFO  (NewCustomerTCs.java:63) - Validataion Start  ...................
2020-04-05 04:07:18,213 +0530 [main] INFO  (NewCustomerTCs.java:19) - TEST CASE START :http://demo.guru99.com/v4/manager/addcustomerpage.php
2020-04-05 04:07:18,213 +0530 [main] INFO  (NewCustomerTCs.java:22) - Enter User Id :LoginUID
2020-04-05 04:07:28,287 +0530 [main] INFO  (NewCustomerTCs.java:24) - Enter Password :LoginPWD
2020-04-05 04:07:28,447 +0530 [main] INFO  (NewCustomerTCs.java:26) - Click Submit button 
2020-04-05 04:07:41,503 +0530 [main] INFO  (NewCustomerTCs.java:32) - clicked on New Customer Link
2020-04-05 04:07:46,380 +0530 [main] INFO  (NewCustomerTCs.java:36) - Enter Customer Name : BAJAN
2020-04-05 04:07:46,603 +0530 [main] INFO  (NewCustomerTCs.java:38) - click gender :F
2020-04-05 04:07:47,679 +0530 [main] INFO  (NewCustomerTCs.java:42) - Enter Data of Birth :04081972
2020-04-05 04:07:47,975 +0530 [main] INFO  (NewCustomerTCs.java:44) - Enter Address :A4 PRIMECITY
2020-04-05 04:07:48,137 +0530 [main] INFO  (NewCustomerTCs.java:46) - Entred City Name :BANGALORE
2020-04-05 04:07:48,247 +0530 [main] INFO  (NewCustomerTCs.java:48) - Entred State Name :KARNATAKA
2020-04-05 04:07:48,364 +0530 [main] INFO  (NewCustomerTCs.java:50) - Entred Pin Code: 560100
2020-04-05 04:07:50,454 +0530 [main] INFO  (NewCustomerTCs.java:53) - Entred Telephone No.213456789
2020-04-05 04:07:50,661 +0530 [main] INFO  (NewCustomerTCs.java:55) - EmailId :TAJ3@GMAIL.COM
2020-04-05 04:07:50,835 +0530 [main] INFO  (NewCustomerTCs.java:58) - Entred Customer Password:RAJ
2020-04-05 04:07:50,920 +0530 [main] INFO  (NewCustomerTCs.java:60) - Click submit button:RAJ
2020-04-05 04:07:54,000 +0530 [main] INFO  (NewCustomerTCs.java:63) - Validataion Start  ...................
2020-04-05 04:07:54,823 +0530 [main] INFO  (BaseClass.java:90) -    Quit : Driver Loaded Successfully
2020-04-05 05:53:57,561 +0530 [main] INFO  (BaseClass.java:48) - ./Drivers\geckodriver.exe
2020-04-05 05:54:11,398 +0530 [main] INFO  (BaseClass.java:61) -    chrome :Driver Load Successfully
2020-04-05 14:28:24,697 +0530 [main] INFO  (BaseClass.java:68) -    URL is opened successfully :http://demo.guru99.com/v4/index.php
2020-04-05 14:28:27,214 +0530 [main] INFO  (NewCustomerTCs.java:87) - Total Row in Datasheet :2
2020-04-05 14:28:27,215 +0530 [main] INFO  (NewCustomerTCs.java:88) - Total Col in Datasheet :12
2020-04-05 14:28:27,215 +0530 [main] INFO  (NewCustomerTCs.java:95) - parameter list: 0 ) mngr2509141 ) rUzYdap2 ) RAJAN3 ) M4 ) 040719715 ) A4 PRIMECITY6 ) BANGALORE7 ) KARNATAKA8 ) 5601009 ) 12345678910 ) RAJ111@GMAIL.COM11 ) RAJ
2020-04-05 14:28:27,216 +0530 [main] INFO  (NewCustomerTCs.java:95) - parameter list: 0 ) mngr2509141 ) rUzYdap2 ) BAJAN3 ) F4 ) 040819725 ) A4 PRIMECITY6 ) BANGALORE7 ) KARNATAKA8 ) 5601009 ) 21345678910 ) TAJ3@GMAIL.COM11 ) RAJ
2020-04-05 14:28:27,265 +0530 [main] INFO  (NewCustomerTCs.java:19) - TEST CASE START :http://demo.guru99.com/v4/index.php
2020-04-05 14:28:27,323 +0530 [main] INFO  (NewCustomerTCs.java:22) - Enter User Id :LoginUID
2020-04-05 14:28:27,542 +0530 [main] INFO  (NewCustomerTCs.java:24) - Enter Password :LoginPWD
2020-04-05 14:28:27,659 +0530 [main] INFO  (NewCustomerTCs.java:26) - Click Submit button 
2020-04-05 14:28:31,063 +0530 [main] INFO  (NewCustomerTCs.java:32) - clicked on New Customer Link
2020-04-05 14:28:41,136 +0530 [main] INFO  (NewCustomerTCs.java:19) - TEST CASE START :http://demo.guru99.com/v4/index.php
2020-04-05 14:28:41,137 +0530 [main] INFO  (NewCustomerTCs.java:22) - Enter User Id :LoginUID
2020-04-05 14:28:51,162 +0530 [main] INFO  (NewCustomerTCs.java:24) - Enter Password :LoginPWD
2020-04-05 14:29:01,224 +0530 [main] INFO  (NewCustomerTCs.java:26) - Click Submit button 
2020-04-05 14:29:14,250 +0530 [main] INFO  (NewCustomerTCs.java:32) - clicked on New Customer Link
2020-04-05 14:29:26,066 +0530 [main] INFO  (BaseClass.java:90) -    Quit : Driver Loaded Successfully
